Release 14.6 Map P.68d (lin64)
Xilinx Mapping Report File for Design 'sha1'

Design Information
------------------
Command Line   : map -intstyle ise -p xc5vlx110t-ff1136-1 -w -logic_opt off -ol
high -t 1 -register_duplication off -global_opt off -mt off -cm area -ir off -pr
off -lc off -power off -o sha1_map.ncd sha1.ngd sha1.pcf 
Target Device  : xc5vlx110t
Target Package : ff1136
Target Speed   : -1
Mapper Version : virtex5 -- $Revision: 1.55 $
Mapped Date    : Sat Nov  9 19:34:42 2013

Design Summary
--------------
Number of errors:      0
Number of warnings:    0
Slice Logic Utilization:
  Number of Slice Registers:                   661 out of  69,120    1%
    Number used as Flip Flops:                 661
  Number of Slice LUTs:                        717 out of  69,120    1%
    Number used as logic:                      652 out of  69,120    1%
      Number using O6 output only:             649
      Number using O5 and O6:                    3
    Number used as Memory:                      64 out of  17,920    1%
      Number used as Shift Register:            64
        Number using O6 output only:            64
    Number used as exclusive route-thru:         1
  Number of route-thrus:                         2
    Number using O5 output only:                 1
    Number using O5 and O6:                      1

Slice Logic Distribution:
  Number of occupied Slices:                   245 out of  17,280    1%
  Number of LUT Flip Flop pairs used:          884
    Number with an unused Flip Flop:           223 out of     884   25%
    Number with an unused LUT:                 167 out of     884   18%
    Number of fully used LUT-FF pairs:         494 out of     884   55%
    Number of unique control sets:               8
    Number of slice register sites lost
      to control set restrictions:               7 out of  69,120    1%

  A LUT Flip Flop pair for this architecture represents one LUT paired with
  one Flip Flop within a slice.  A control set is a unique combination of
  clock, reset, set, and enable signals for a registered element.
  The Slice Logic Distribution report is not meaningful if the design is
  over-mapped for a non-slice resource or if Placement fails.
  OVERMAPPING of BRAM resources should be ignored if the design is
  over-mapped for a non-BRAM resource or if placement fails.

IO Utilization:
  Number of bonded IOBs:                        69 out of     640   10%

Specific Feature Utilization:
  Number of BUFG/BUFGCTRLs:                      1 out of      32    3%
    Number used as BUFGs:                        1

Average Fanout of Non-Clock Nets:                3.97

Peak Memory Usage:  983 MB
Total REAL time to MAP completion:  28 secs 
Total CPU time to MAP completion:   23 secs 

Table of Contents
-----------------
Section 1 - Errors
Section 2 - Warnings
Section 3 - Informational
Section 4 - Removed Logic Summary
Section 5 - Removed Logic
Section 6 - IOB Properties
Section 7 - RPMs
Section 8 - Guide Report
Section 9 - Area Group and Partition Summary
Section 10 - Timing Report
Section 11 - Configuration String Information
Section 12 - Control Set Information
Section 13 - Utilization by Hierarchy

Section 1 - Errors
------------------

Section 2 - Warnings
--------------------

Section 3 - Informational
-------------------------
INFO:MapLib:562 - No environment variables are currently set.
INFO:LIT:244 - All of the single ended outputs in this design are using slew
   rate limited output drivers. The delay on speed critical single ended outputs
   can be dramatically reduced by designating them as fast outputs.
INFO:Pack:1716 - Initializing temperature to 85.000 Celsius. (default - Range:
   0.000 to 85.000 Celsius)
INFO:Pack:1720 - Initializing voltage to 0.950 Volts. (default - Range: 0.950 to
   1.050 Volts)
INFO:Map:215 - The Interim Design Summary has been generated in the MAP Report
   (.mrp).
INFO:Pack:1650 - Map created a placed design.

Section 4 - Removed Logic Summary
---------------------------------
   2 block(s) optimized away

Section 5 - Removed Logic
-------------------------

Optimized Block(s):
TYPE 		BLOCK
GND 		XST_GND
VCC 		XST_VCC

Section 6 - IOB Properties
--------------------------

+---------------------------------------------------------------------------------------------------------------------------------------------------------+
| IOB Name                           | Type             | Direction | IO Standard          | Diff  | Drive    | Slew | Reg (s)      | Resistor | IOB      |
|                                    |                  |           |                      | Term  | Strength | Rate |              |          | Delay    |
+---------------------------------------------------------------------------------------------------------------------------------------------------------+
| clk                                | IOB              | INPUT     | LVCMOS25             |       |          |      |              |          |          |
| h<0>                               | IOB              | OUTPUT    | LVCMOS25             |       | 12       | SLOW |              |          |          |
| h<1>                               | IOB              | OUTPUT    | LVCMOS25             |       | 12       | SLOW |              |          |          |
| h<2>                               | IOB              | OUTPUT    | LVCMOS25             |       | 12       | SLOW |              |          |          |
| h<3>                               | IOB              | OUTPUT    | LVCMOS25             |       | 12       | SLOW |              |          |          |
| h<4>                               | IOB              | OUTPUT    | LVCMOS25             |       | 12       | SLOW |              |          |          |
| h<5>                               | IOB              | OUTPUT    | LVCMOS25             |       | 12       | SLOW |              |          |          |
| h<6>                               | IOB              | OUTPUT    | LVCMOS25             |       | 12       | SLOW |              |          |          |
| h<7>                               | IOB              | OUTPUT    | LVCMOS25             |       | 12       | SLOW |              |          |          |
| h<8>                               | IOB              | OUTPUT    | LVCMOS25             |       | 12       | SLOW |              |          |          |
| h<9>                               | IOB              | OUTPUT    | LVCMOS25             |       | 12       | SLOW |              |          |          |
| h<10>                              | IOB              | OUTPUT    | LVCMOS25             |       | 12       | SLOW |              |          |          |
| h<11>                              | IOB              | OUTPUT    | LVCMOS25             |       | 12       | SLOW |              |          |          |
| h<12>                              | IOB              | OUTPUT    | LVCMOS25             |       | 12       | SLOW |              |          |          |
| h<13>                              | IOB              | OUTPUT    | LVCMOS25             |       | 12       | SLOW |              |          |          |
| h<14>                              | IOB              | OUTPUT    | LVCMOS25             |       | 12       | SLOW |              |          |          |
| h<15>                              | IOB              | OUTPUT    | LVCMOS25             |       | 12       | SLOW |              |          |          |
| h<16>                              | IOB              | OUTPUT    | LVCMOS25             |       | 12       | SLOW |              |          |          |
| h<17>                              | IOB              | OUTPUT    | LVCMOS25             |       | 12       | SLOW |              |          |          |
| h<18>                              | IOB              | OUTPUT    | LVCMOS25             |       | 12       | SLOW |              |          |          |
| h<19>                              | IOB              | OUTPUT    | LVCMOS25             |       | 12       | SLOW |              |          |          |
| h<20>                              | IOB              | OUTPUT    | LVCMOS25             |       | 12       | SLOW |              |          |          |
| h<21>                              | IOB              | OUTPUT    | LVCMOS25             |       | 12       | SLOW |              |          |          |
| h<22>                              | IOB              | OUTPUT    | LVCMOS25             |       | 12       | SLOW |              |          |          |
| h<23>                              | IOB              | OUTPUT    | LVCMOS25             |       | 12       | SLOW |              |          |          |
| h<24>                              | IOB              | OUTPUT    | LVCMOS25             |       | 12       | SLOW |              |          |          |
| h<25>                              | IOB              | OUTPUT    | LVCMOS25             |       | 12       | SLOW |              |          |          |
| h<26>                              | IOB              | OUTPUT    | LVCMOS25             |       | 12       | SLOW |              |          |          |
| h<27>                              | IOB              | OUTPUT    | LVCMOS25             |       | 12       | SLOW |              |          |          |
| h<28>                              | IOB              | OUTPUT    | LVCMOS25             |       | 12       | SLOW |              |          |          |
| h<29>                              | IOB              | OUTPUT    | LVCMOS25             |       | 12       | SLOW |              |          |          |
| h<30>                              | IOB              | OUTPUT    | LVCMOS25             |       | 12       | SLOW |              |          |          |
| h<31>                              | IOB              | OUTPUT    | LVCMOS25             |       | 12       | SLOW |              |          |          |
| init                               | IOB              | INPUT     | LVCMOS25             |       |          |      |              |          |          |
| ld                                 | IOB              | INPUT     | LVCMOS25             |       |          |      |              |          |          |
| m<0>                               | IOB              | INPUT     | LVCMOS25             |       |          |      |              |          |          |
| m<1>                               | IOB              | INPUT     | LVCMOS25             |       |          |      |              |          |          |
| m<2>                               | IOB              | INPUT     | LVCMOS25             |       |          |      |              |          |          |
| m<3>                               | IOB              | INPUT     | LVCMOS25             |       |          |      |              |          |          |
| m<4>                               | IOB              | INPUT     | LVCMOS25             |       |          |      |              |          |          |
| m<5>                               | IOB              | INPUT     | LVCMOS25             |       |          |      |              |          |          |
| m<6>                               | IOB              | INPUT     | LVCMOS25             |       |          |      |              |          |          |
| m<7>                               | IOB              | INPUT     | LVCMOS25             |       |          |      |              |          |          |
| m<8>                               | IOB              | INPUT     | LVCMOS25             |       |          |      |              |          |          |
| m<9>                               | IOB              | INPUT     | LVCMOS25             |       |          |      |              |          |          |
| m<10>                              | IOB              | INPUT     | LVCMOS25             |       |          |      |              |          |          |
| m<11>                              | IOB              | INPUT     | LVCMOS25             |       |          |      |              |          |          |
| m<12>                              | IOB              | INPUT     | LVCMOS25             |       |          |      |              |          |          |
| m<13>                              | IOB              | INPUT     | LVCMOS25             |       |          |      |              |          |          |
| m<14>                              | IOB              | INPUT     | LVCMOS25             |       |          |      |              |          |          |
| m<15>                              | IOB              | INPUT     | LVCMOS25             |       |          |      |              |          |          |
| m<16>                              | IOB              | INPUT     | LVCMOS25             |       |          |      |              |          |          |
| m<17>                              | IOB              | INPUT     | LVCMOS25             |       |          |      |              |          |          |
| m<18>                              | IOB              | INPUT     | LVCMOS25             |       |          |      |              |          |          |
| m<19>                              | IOB              | INPUT     | LVCMOS25             |       |          |      |              |          |          |
| m<20>                              | IOB              | INPUT     | LVCMOS25             |       |          |      |              |          |          |
| m<21>                              | IOB              | INPUT     | LVCMOS25             |       |          |      |              |          |          |
| m<22>                              | IOB              | INPUT     | LVCMOS25             |       |          |      |              |          |          |
| m<23>                              | IOB              | INPUT     | LVCMOS25             |       |          |      |              |          |          |
| m<24>                              | IOB              | INPUT     | LVCMOS25             |       |          |      |              |          |          |
| m<25>                              | IOB              | INPUT     | LVCMOS25             |       |          |      |              |          |          |
| m<26>                              | IOB              | INPUT     | LVCMOS25             |       |          |      |              |          |          |
| m<27>                              | IOB              | INPUT     | LVCMOS25             |       |          |      |              |          |          |
| m<28>                              | IOB              | INPUT     | LVCMOS25             |       |          |      |              |          |          |
| m<29>                              | IOB              | INPUT     | LVCMOS25             |       |          |      |              |          |          |
| m<30>                              | IOB              | INPUT     | LVCMOS25             |       |          |      |              |          |          |
| m<31>                              | IOB              | INPUT     | LVCMOS25             |       |          |      |              |          |          |
| rst                                | IOB              | INPUT     | LVCMOS25             |       |          |      |              |          |          |
| v                                  | IOB              | OUTPUT    | LVCMOS25             |       | 12       | SLOW |              |          |          |
+---------------------------------------------------------------------------------------------------------------------------------------------------------+

Section 7 - RPMs
----------------

Section 8 - Guide Report
------------------------
Guide not run on this design.

Section 9 - Area Group and Partition Summary
--------------------------------------------

Partition Implementation Status
-------------------------------

  No Partitions were found in this design.

-------------------------------

Area Group Information
----------------------

  No area groups were found in this design.

----------------------

Section 10 - Timing Report
--------------------------
A logic-level (pre-route) timing report can be generated by using Xilinx static
timing analysis tools, Timing Analyzer (GUI) or TRCE (command line), with the
mapped NCD and PCF files. Please note that this timing report will be generated
using estimated delay information. For accurate numbers, please generate a
timing report with the post Place and Route NCD file.

For more information about the Timing Analyzer, consult the Xilinx Timing
Analyzer Reference Manual; for more information about TRCE, consult the Xilinx
Command Line Tools User Guide "TRACE" chapter.

Section 11 - Configuration String Details
-----------------------------------------
Use the "-detail" map option to print out Configuration Strings

Section 12 - Control Set Information
------------------------------------
Use the "-detail" map option to print out Control Set Information.

Section 13 - Utilization by Hierarchy
-------------------------------------
Use the "-detail" map option to print out the Utilization by Hierarchy section.
