WARNING:EDK:878 - Could not find IP doc
   http://www.xilinx.com/cgi-bin/docs/ipdoc?c=axi_interconnect;v=v1_06_a;d=ds768
   _axi_interconnect.pdf
WARNING:EDK:878 - Could not find IP doc
   http://www.xilinx.com/cgi-bin/docs/ipdoc?c=axi_gpio;v=v1_01_b;d=ds744_axi_gpi
   o.pdf
WARNING:EDK:878 - Could not find IP doc
   http://www.xilinx.com/cgi-bin/docs/ipdoc?c=axi_gpio;v=v1_01_b;d=ds744_axi_gpi
   o.pdf
WARNING:EDK:878 - Could not find IP doc
   http://www.xilinx.com/cgi-bin/docs/ipdoc?c=chipscope_axi_monitor;v=v3_05_a;d=
   ds810_chipscope_axi_monitor.pdf
Generated Block Diagram.
Rasterizing axi4lite_0.jpg.....
Rasterizing LEDs_4Bits.jpg.....
Rasterizing GPIO_SW.jpg.....
Rasterizing processing_system7_0.jpg.....
Rasterizing chipscope_axi_monitor_0.jpg.....
Rasterizing glue_0.jpg.....
Rasterizing chipscope_icon_0.jpg.....
Rasterizing system_blkd.jpg.....
Report generated.
Report generation completed.
